[debug] [2025-09-02T15:05:16.630Z] ----------------------------------------------------------------------
[debug] [2025-09-02T15:05:16.632Z] Command:       C:\Program Files\nodejs\node.exe C:\Users\genes\AppData\Roaming\npm\node_modules\firebase-tools\lib\bin\firebase.js init
[debug] [2025-09-02T15:05:16.633Z] CLI Version:   14.15.1
[debug] [2025-09-02T15:05:16.633Z] Platform:      win32
[debug] [2025-09-02T15:05:16.633Z] Node Version:  v22.14.0
[debug] [2025-09-02T15:05:16.633Z] Time:          Wed Sep 03 2025 00:05:16 GMT+0900 (대한민국 표준시)
[debug] [2025-09-02T15:05:16.633Z] ----------------------------------------------------------------------
[debug] 
[debug] [2025-09-02T15:05:16.638Z] > command requires scopes: ["email","openid","https://www.googleapis.com/auth/cloudplatformprojects.readonly","https://www.googleapis.com/auth/firebase","https://www.googleapis.com/auth/cloud-platform"]
[debug] [2025-09-02T15:05:16.638Z] > authorizing via signed-in user (genesis.lee.03@gmail.com)
[info] 
     ######## #### ########  ######## ########     ###     ######  ########
     ##        ##  ##     ## ##       ##     ##  ##   ##  ##       ##
     ######    ##  ########  ######   ########  #########  ######  ######
     ##        ##  ##    ##  ##       ##     ## ##     ##       ## ##
     ##       #### ##     ## ######## ########  ##     ##  ######  ########

You're about to initialize a Firebase project in this directory:

  C:\coding\fmea

Before we get started, keep in mind:

  * You are currently outside your home directory

